TN:
SF:src/app.ts
FNF:0
FNH:0
DA:8,1
DA:9,1
DA:10,1
DA:12,1
DA:14,1
DA:15,1
DA:18,1
LF:7
LH:7
BRDA:14,0,0,1
BRF:1
BRH:1
end_of_record
TN:
SF:src/database.ts
FNF:0
FNH:0
DA:3,2
DA:4,2
LF:2
LH:2
BRF:0
BRH:0
end_of_record
TN:
SF:src/controllers/recommendationController.ts
FN:6,insert
FN:17,upvote
FN:25,downvote
FN:33,random
FN:39,get
FN:44,getTop
FN:51,getById
FN:58,getByName
FNF:8
FNH:8
FNDA:3,insert
FNDA:1,upvote
FNDA:1,downvote
FNDA:1,random
FNDA:1,get
FNDA:1,getTop
FNDA:6,getById
FNDA:6,getByName
DA:7,3
DA:8,3
DA:9,1
DA:12,2
DA:14,1
DA:18,1
DA:20,1
DA:22,1
DA:26,1
DA:28,1
DA:30,1
DA:34,1
DA:36,1
DA:40,1
DA:41,1
DA:45,1
DA:47,1
DA:48,1
DA:52,6
DA:54,6
DA:55,3
DA:59,6
DA:61,6
DA:62,5
DA:65,1
LF:25
LH:25
BRDA:8,0,0,1
BRF:1
BRH:1
end_of_record
TN:
SF:src/controllers/testsController.ts
FN:4,resetDatabase
FN:10,seedDatabase
FNF:2
FNH:0
FNDA:0,resetDatabase
FNDA:0,seedDatabase
DA:5,0
DA:6,0
DA:7,0
DA:11,0
DA:12,0
DA:13,0
LF:6
LH:0
BRF:0
BRH:0
end_of_record
TN:
SF:src/middlewares/errorHandlerMiddleware.ts
FN:8,errorHandlerMiddleware
FNF:1
FNH:1
FNDA:6,errorHandlerMiddleware
DA:14,6
DA:16,6
DA:17,6
DA:20,0
LF:4
LH:3
BRDA:16,0,0,6
BRF:1
BRH:1
end_of_record
TN:
SF:src/repositories/recommendationRepository.ts
FN:5,create
FN:16,findAll
FN:25,getAmountByScore
FN:32,getFindAllFilter
FN:44,find
FN:50,findByName
FN:56,updateScore
FN:65,remove
FNF:8
FNH:7
FNDA:1,create
FNDA:3,findAll
FNDA:1,getAmountByScore
FNDA:3,getFindAllFilter
FNDA:8,find
FNDA:8,findByName
FNDA:2,updateScore
FNDA:0,remove
DA:6,1
DA:17,3
DA:19,3
DA:26,1
DA:35,3
DA:37,1
DA:39,1
DA:45,8
DA:51,8
DA:57,2
DA:66,0
DA:71,2
LF:12
LH:11
BRDA:35,0,0,2
BRF:1
BRH:1
end_of_record
TN:
SF:src/repositories/testsRepository.ts
FN:3,resetDatabase
FN:7,seedDatabase
FNF:2
FNH:0
FNDA:0,resetDatabase
FNDA:0,seedDatabase
DA:4,0
DA:8,0
DA:16,0
DA:24,0
LF:4
LH:0
BRF:0
BRH:0
end_of_record
TN:
SF:src/routers/recommendationRouter.ts
FNF:0
FNH:0
DA:4,1
DA:6,1
DA:7,1
DA:8,1
DA:9,1
DA:10,1
DA:11,1
DA:12,1
DA:13,1
LF:9
LH:9
BRF:0
BRH:0
end_of_record
TN:
SF:src/routers/testsRouter.ts
FNF:0
FNH:0
DA:4,1
DA:6,1
DA:7,1
LF:3
LH:3
BRF:0
BRH:0
end_of_record
TN:
SF:src/schemas/recommendationsSchemas.ts
FNF:0
FNH:0
DA:5,1
DA:7,1
LF:2
LH:2
BRF:0
BRH:0
end_of_record
TN:
SF:src/services/recommendationsService.ts
FN:7,insert
FN:17,upvote
FN:23,downvote
FN:36,getByIdOrFail
FN:43,get
FN:47,getTop
FN:51,getRandom
FN:64,getByScore
FN:77,getScoreFilter
FN:85,findByName
FNF:10
FNH:10
FNDA:4,insert
FNDA:2,upvote
FNDA:3,downvote
FNDA:11,getByIdOrFail
FNDA:2,get
FNDA:2,getTop
FNDA:4,getRandom
FNDA:4,getByScore
FNDA:4,getScoreFilter
FNDA:9,findByName
DA:8,4
DA:11,4
DA:12,2
DA:14,2
DA:18,2
DA:20,2
DA:24,3
DA:26,3
DA:31,3
DA:32,1
DA:37,11
DA:38,11
DA:40,8
DA:44,2
DA:48,2
DA:52,4
DA:53,4
DA:55,4
DA:56,4
DA:57,1
DA:60,3
DA:61,3
DA:65,4
DA:70,4
DA:71,2
DA:74,2
DA:78,4
DA:79,2
DA:82,2
DA:86,9
DA:88,8
DA:89,8
DA:91,6
DA:94,2
LF:34
LH:34
BRDA:11,0,0,2
BRDA:31,1,0,1
BRDA:38,2,0,3
BRDA:56,3,0,1
BRDA:70,4,0,2
BRDA:78,5,0,2
BRDA:86,6,0,1
BRDA:89,7,0,2
BRF:8
BRH:8
end_of_record
TN:
SF:src/utils/errorUtils.ts
FN:7,isAppError
FN:11,errorTypeToStatusCode
FN:19,conflictError
FN:23,notFoundError
FN:27,unauthorizedError
FN:31,wrongSchemaError
FNF:6
FNH:5
FNDA:6,isAppError
FNDA:6,errorTypeToStatusCode
FNDA:2,conflictError
FNDA:7,notFoundError
FNDA:0,unauthorizedError
FNDA:1,wrongSchemaError
DA:8,6
DA:12,6
DA:13,5
DA:14,1
DA:15,1
DA:16,0
DA:20,2
DA:24,7
DA:28,0
DA:32,1
LF:10
LH:8
BRDA:12,0,0,1
BRDA:13,1,0,4
BRDA:14,2,0,0
BRDA:15,3,0,1
BRDA:20,4,0,2
BRDA:20,4,1,0
BRDA:20,5,0,2
BRDA:20,5,1,2
BRDA:24,6,0,0
BRDA:24,6,1,7
BRDA:24,7,0,7
BRDA:24,7,1,7
BRDA:28,8,0,0
BRDA:28,8,1,0
BRDA:28,9,0,0
BRDA:28,9,1,0
BRDA:32,10,0,0
BRDA:32,10,1,1
BRDA:32,11,0,1
BRDA:32,11,1,1
BRF:20
BRH:12
end_of_record
TN:
SF:tests/factories/insertRecommendation.ts
FN:5,insertRecommendation
FN:17,insertRecommendationWithScore
FNF:2
FNH:1
FNDA:3,insertRecommendation
FNDA:0,insertRecommendationWithScore
DA:6,3
DA:10,3
DA:14,3
DA:22,0
DA:28,0
DA:32,0
LF:6
LH:3
BRF:0
BRH:0
end_of_record
